[2025-10-15 11:33:52] Login exitoso del usuario 'jgmeras'.
[2025-10-15 11:34:03] Intento fallido #1 con usuario 'gg'.
[2025-10-15 11:34:05] Intento fallido #2 con usuario 'gg'.
[2025-10-15 11:34:06] Intento fallido #3 con usuario 'gg'.
[2025-10-15 11:34:08] Intento fallido #4 con usuario 'gg'.
[2025-10-15 11:34:09] Programa bloqueado tras 5 intentos fallidos.
[2025-10-15 12:06:00] Login exitoso del usuario 'jgmeras'.
[2025-10-15 12:06:18] Intento fallido #1 con usuario 'gg'.
[2025-10-15 12:24:02] Login exitoso del usuario 'jgmeras'.
[2025-10-15 12:25:43] Login exitoso del usuario 'jgmeras'.
[2025-10-15 12:28:06] Login exitoso del usuario 'jgmeras'.
[2025-10-15 12:31:06] Login exitoso del usuario 'jgmeras'.
[2025-10-15 12:32:22] Login exitoso del usuario 'jgmeras'.
[2025-10-15 12:34:38] Login exitoso del usuario 'jgmeras'.
[2025-10-15 12:35:16] Login exitoso del usuario 'jgmeras'.
[2025-10-15 12:43:16] Login exitoso del usuario 'jgmeras'.
[2025-10-15 12:48:42] Login exitoso del usuario 'jgmeras'.
[2025-10-15 12:55:10] Login exitoso del usuario 'jgmeras'.
[2025-10-15 12:56:13] Login exitoso del usuario 'jgmeras'.
[2025-10-15 13:03:46] Login exitoso del usuario 'jgmeras'.
[2025-10-15 13:04:29] Login exitoso del usuario 'jgmeras'.
[2025-10-15 14:22:52] Login exitoso del usuario 'jgmeras'.
[2025-10-15 14:35:11] Login exitoso del usuario 'jgmeras'.
[2025-10-15 14:38:44] Login exitoso del usuario 'jgmeras'.
[2025-10-15 14:40:04] Login exitoso del usuario 'jgmeras'.
[2025-10-15 14:46:42] Login exitoso del usuario 'jgmeras'.
[2025-10-15 14:50:06] Login exitoso del usuario 'jgmeras'.
[2025-10-15 14:52:07] Login exitoso del usuario 'jgmeras'.
[2025-10-15 14:52:40] Login exitoso del usuario 'jgmeras'.
[2025-10-15 14:57:53] Login exitoso del usuario 'jgmeras'.
[2025-10-15 15:02:55] Login exitoso del usuario 'jgmeras'.
[2025-10-15 15:19:15] Login exitoso del usuario 'jgmeras'.
[2025-10-15 15:21:47] Login exitoso del usuario 'jgmeras'.
[2025-10-15 15:25:43] Login exitoso del usuario 'jgmeras'.
[2025-10-15 15:31:16] Login exitoso del usuario 'jgmeras'.
[2025-10-15 15:40:05] Login exitoso del usuario 'jgmeras'.
[2025-10-15 16:11:08] Login exitoso del usuario 'jgmeras'.
[2025-10-16 08:23:23] Login exitoso del usuario 'jgmeras'.
[2025-10-16 08:57:46] Login exitoso del usuario 'jgmeras'.
[2025-10-16 08:58:36] Login exitoso del usuario 'jgmeras'.
[2025-10-16 09:00:37] Login exitoso del usuario 'jgmeras'.
[2025-10-16 09:09:27] Login exitoso del usuario 'jgmeras'.
[2025-10-16 09:20:08] Login exitoso del usuario 'jgmeras'.
[2025-10-17 10:32:03] Login exitoso del usuario 'jgmeras'.
[2025-10-17 10:32:29] Login exitoso del usuario 'jgmeras'.
[2025-10-17 10:45:56] Login exitoso del usuario 'jgmeras'.
[2025-10-17 10:47:03] Login exitoso del usuario 'jgmeras'.
[2025-10-17 10:48:51] Login exitoso del usuario 'jgmeras'.
[2025-10-17 10:52:06] Login exitoso del usuario 'jgmeras'.
[2025-10-17 11:04:43] Login exitoso del usuario 'jgmeras'.
[2025-10-17 11:24:50] Login exitoso del usuario 'jgmeras'.
[2025-10-17 11:25:59] Login exitoso del usuario 'jgmeras'.
[2025-10-17 11:27:01] Login exitoso del usuario 'jgmeras'.
[2025-10-17 11:32:29] Login exitoso del usuario 'jgmeras'.
[2025-10-17 11:38:44] Login exitoso del usuario 'jgmeras'.
[2025-10-17 11:46:52] Login exitoso del usuario 'jgmeras'.
[2025-10-17 11:48:51] Login exitoso del usuario 'jgmeras'.
[2025-10-17 11:53:07] Login exitoso del usuario 'jgmeras'.
[2025-10-17 11:54:03] Login exitoso del usuario 'aaaa'.
[2025-10-17 11:54:17] Login exitoso del usuario 'bbbb'.
[2025-10-17 11:59:58] Login exitoso del usuario 'jgmeras'.
[2025-10-17 12:38:20] Login exitoso del usuario 'jgmeras'.
[2025-10-17 12:39:57] Intento fallido #1 con usuario 'jgmeras'.
[2025-10-17 12:40:10] Login exitoso del usuario 'jgmeras'.
[2025-10-20 11:51:44] Login exitoso del usuario 'jgmeras'.
[2025-10-20 11:52:02] Login exitoso del usuario 'jgmeras'.
[2025-10-20 11:52:33] Intento fallido #1 con usuario 'aaaa'.
[2025-10-20 11:52:37] Login exitoso del usuario 'aaaa'.
[2025-10-20 11:53:33] Login exitoso del usuario 'jgmeras'.
[2025-10-20 11:54:04] Intento fallido #1 con usuario 'aaaa'.
[2025-10-20 12:00:24] Login exitoso del usuario 'jgmeras'.
[2025-10-20 12:01:15] Login exitoso del usuario 'jgmeras'.
[2025-10-20 12:01:40] Intento fallido #1 con usuario 'aaaa'.
[2025-10-20 12:01:48] Login exitoso del usuario 'aaaa'.
[2025-10-20 12:14:25] Login exitoso del usuario 'jgmeras'.
[2025-10-20 12:14:48] Intento fallido #1 con usuario 'aaaa'.
[2025-10-20 12:14:53] Login exitoso del usuario 'aaaa'.
[2025-10-20 12:38:52] Login exitoso del usuario 'jgmeras'.
[2025-10-20 12:39:33] Intento fallido #1 con usuario 'aaaa'.
[2025-10-20 12:39:37] Login exitoso del usuario 'aaaa'.
[2025-10-20 12:41:35] Login exitoso del usuario 'jgmeras'.
[2025-10-20 12:43:23] Login exitoso del usuario 'jgmeras'.
[2025-10-20 12:47:22] Login exitoso del usuario 'jgmeras'.
[2025-10-20 12:48:46] Login exitoso del usuario 'jgmeras'.
[2025-10-20 12:49:10] Intento fallido #1 con usuario 'aaaa'.
[2025-10-20 12:49:18] Login exitoso del usuario 'bbbb'.
[2025-10-20 12:56:37] Login exitoso del usuario 'jgmeras'.
[2025-10-20 12:57:26] Intento fallido #1 con usuario 'aaaa'.
[2025-10-20 12:57:32] Intento fallido #2 con usuario 'aaaa'.
[2025-10-20 12:57:44] Login exitoso del usuario 'jgmeras'.
[2025-10-20 12:58:12] Intento fallido #1 con usuario 'aaaa'.
[2025-10-20 12:58:57] Intento fallido #2 con usuario 'aaaa'.
[2025-10-20 12:59:01] Intento fallido #3 con usuario 'aaaa'.
[2025-10-20 13:05:08] Login exitoso del usuario 'jgmeras'.
[2025-10-20 13:05:56] Login exitoso del usuario 'aaaa'.
[2025-10-20 13:06:32] Login exitoso del usuario 'jgmeras'.
[2025-10-20 13:07:25] Login exitoso del usuario 'aaaa'.
[2025-10-20 13:07:35] Login exitoso del usuario 'jgmeras'.
[2025-10-20 13:08:13] Intento fallido #1 con usuario 'aaaa'.
[2025-10-20 13:08:17] Login exitoso del usuario 'aaaa'.
[2025-10-20 13:08:32] Login exitoso del usuario 'jgmeras'.
[2025-10-28 16:16:37] Login exitoso del usuario 'jgmeras'.
[2025-11-12 15:27:57] Login exitoso del usuario 'jgmeras'.
[2025-11-13 13:19:10] Login exitoso del usuario 'jgmeras'.
[2025-11-14 09:36:34] Login exitoso del usuario 'jgmeras'.
[2025-11-14 15:57:01] Login exitoso del usuario 'jgmeras'.
